2020-06-18-main--INFO -LoginPage_testcase:app has been launched
  2020-06-18-main--DEBUG-freemarker.cache:Couldn't find template in cache for "Extent.ftl"("en_US", UTF-8, parsed); will try to load it.
  2020-06-18-main--DEBUG-freemarker.cache:TemplateLoader.findTemplateSource("Extent_en_US.ftl"): Not found
  2020-06-18-main--DEBUG-freemarker.cache:TemplateLoader.findTemplateSource("Extent_en.ftl"): Not found
  2020-06-18-main--DEBUG-freemarker.cache:TemplateLoader.findTemplateSource("Extent.ftl"): Found
  2020-06-18-main--DEBUG-freemarker.cache:Loading template for "Extent.ftl"("en_US", UTF-8, parsed) from "jar:file:/C:/Users/pmuniraju/.m2/repository/com/relevantcodes/extentreports/2.41.1/extentreports-2.41.1.jar!/com/relevantcodes/extentreports/view/Extent.ftl"
  2020-06-18-main--DEBUG-freemarker.cache:Couldn't find template in cache for "Extent.ftl"("en_US", UTF-8, parsed); will try to load it.
  2020-06-18-main--DEBUG-freemarker.cache:TemplateLoader.findTemplateSource("Extent_en_US.ftl"): Not found
  2020-06-18-main--DEBUG-freemarker.cache:TemplateLoader.findTemplateSource("Extent_en.ftl"): Not found
  2020-06-18-main--DEBUG-freemarker.cache:TemplateLoader.findTemplateSource("Extent.ftl"): Found
  2020-06-18-main--DEBUG-freemarker.cache:Loading template for "Extent.ftl"("en_US", UTF-8, parsed) from "jar:file:/C:/Users/pmuniraju/.m2/repository/com/relevantcodes/extentreports/2.41.1/extentreports-2.41.1.jar!/com/relevantcodes/extentreports/view/Extent.ftl"
  2020-06-18-main--INFO -LoginPage_testcase:app has been launched
  2020-06-18-main--DEBUG-freemarker.cache:Couldn't find template in cache for "Extent.ftl"("en_US", UTF-8, parsed); will try to load it.
  2020-06-18-main--DEBUG-freemarker.cache:TemplateLoader.findTemplateSource("Extent_en_US.ftl"): Not found
  2020-06-18-main--DEBUG-freemarker.cache:TemplateLoader.findTemplateSource("Extent_en.ftl"): Not found
  2020-06-18-main--DEBUG-freemarker.cache:TemplateLoader.findTemplateSource("Extent.ftl"): Found
  2020-06-18-main--DEBUG-freemarker.cache:Loading template for "Extent.ftl"("en_US", UTF-8, parsed) from "jar:file:/C:/Users/pmuniraju/.m2/repository/com/relevantcodes/extentreports/2.41.1/extentreports-2.41.1.jar!/com/relevantcodes/extentreports/view/Extent.ftl"
  2020-06-18-main--DEBUG-freemarker.cache:Couldn't find template in cache for "Extent.ftl"("en_US", UTF-8, parsed); will try to load it.
  2020-06-18-main--DEBUG-freemarker.cache:TemplateLoader.findTemplateSource("Extent_en_US.ftl"): Not found
  2020-06-18-main--DEBUG-freemarker.cache:TemplateLoader.findTemplateSource("Extent_en.ftl"): Not found
  2020-06-18-main--DEBUG-freemarker.cache:TemplateLoader.findTemplateSource("Extent.ftl"): Found
  2020-06-18-main--DEBUG-freemarker.cache:Loading template for "Extent.ftl"("en_US", UTF-8, parsed) from "jar:file:/C:/Users/pmuniraju/.m2/repository/com/relevantcodes/extentreports/2.41.1/extentreports-2.41.1.jar!/com/relevantcodes/extentreports/view/Extent.ftl"
  2020-06-18-main--INFO -LoginPage_testcase:app has been launched
  2020-06-18-main--DEBUG-freemarker.cache:Couldn't find template in cache for "Extent.ftl"("en_US", UTF-8, parsed); will try to load it.
  2020-06-18-main--DEBUG-freemarker.cache:TemplateLoader.findTemplateSource("Extent_en_US.ftl"): Not found
  2020-06-18-main--DEBUG-freemarker.cache:TemplateLoader.findTemplateSource("Extent_en.ftl"): Not found
  2020-06-18-main--DEBUG-freemarker.cache:TemplateLoader.findTemplateSource("Extent.ftl"): Found
  2020-06-18-main--DEBUG-freemarker.cache:Loading template for "Extent.ftl"("en_US", UTF-8, parsed) from "jar:file:/C:/Users/pmuniraju/.m2/repository/com/relevantcodes/extentreports/2.41.1/extentreports-2.41.1.jar!/com/relevantcodes/extentreports/view/Extent.ftl"
  2020-06-18-main--DEBUG-freemarker.cache:Couldn't find template in cache for "Extent.ftl"("en_US", UTF-8, parsed); will try to load it.
  2020-06-18-main--DEBUG-freemarker.cache:TemplateLoader.findTemplateSource("Extent_en_US.ftl"): Not found
  2020-06-18-main--DEBUG-freemarker.cache:TemplateLoader.findTemplateSource("Extent_en.ftl"): Not found
  2020-06-18-main--DEBUG-freemarker.cache:TemplateLoader.findTemplateSource("Extent.ftl"): Found
  2020-06-18-main--DEBUG-freemarker.cache:Loading template for "Extent.ftl"("en_US", UTF-8, parsed) from "jar:file:/C:/Users/pmuniraju/.m2/repository/com/relevantcodes/extentreports/2.41.1/extentreports-2.41.1.jar!/com/relevantcodes/extentreports/view/Extent.ftl"
  2020-06-18-Finalizer--DEBUG-org.apache.http.impl.conn.PoolingHttpClientConnectionManager:Connection manager is shutting down
  2020-06-18-Finalizer--DEBUG-org.apache.http.impl.conn.PoolingHttpClientConnectionManager:Connection manager shut down
  2020-06-18-Finalizer--DEBUG-org.apache.http.impl.conn.PoolingHttpClientConnectionManager:Connection manager is shutting down
  2020-06-18-Finalizer--DEBUG-org.apache.http.impl.conn.PoolingHttpClientConnectionManager:Connection manager shut down
  2020-06-18-main--DEBUG-freemarker.cache:Couldn't find template in cache for "Extent.ftl"("en_US", UTF-8, parsed); will try to load it.
  2020-06-18-main--DEBUG-freemarker.cache:TemplateLoader.findTemplateSource("Extent_en_US.ftl"): Not found
  2020-06-18-main--DEBUG-freemarker.cache:TemplateLoader.findTemplateSource("Extent_en.ftl"): Not found
  2020-06-18-main--DEBUG-freemarker.cache:TemplateLoader.findTemplateSource("Extent.ftl"): Found
  2020-06-18-main--DEBUG-freemarker.cache:Loading template for "Extent.ftl"("en_US", UTF-8, parsed) from "jar:file:/C:/Users/pmuniraju/.m2/repository/com/relevantcodes/extentreports/2.41.1/extentreports-2.41.1.jar!/com/relevantcodes/extentreports/view/Extent.ftl"
  2020-06-18-main--DEBUG-freemarker.cache:Couldn't find template in cache for "Extent.ftl"("en_US", UTF-8, parsed); will try to load it.
  2020-06-18-main--DEBUG-freemarker.cache:TemplateLoader.findTemplateSource("Extent_en_US.ftl"): Not found
  2020-06-18-main--DEBUG-freemarker.cache:TemplateLoader.findTemplateSource("Extent_en.ftl"): Not found
  2020-06-18-main--DEBUG-freemarker.cache:TemplateLoader.findTemplateSource("Extent.ftl"): Found
  2020-06-18-main--DEBUG-freemarker.cache:Loading template for "Extent.ftl"("en_US", UTF-8, parsed) from "jar:file:/C:/Users/pmuniraju/.m2/repository/com/relevantcodes/extentreports/2.41.1/extentreports-2.41.1.jar!/com/relevantcodes/extentreports/view/Extent.ftl"
  2020-06-18-main--DEBUG-freemarker.cache:Couldn't find template in cache for "Extent.ftl"("en_US", UTF-8, parsed); will try to load it.
  2020-06-18-main--DEBUG-freemarker.cache:TemplateLoader.findTemplateSource("Extent_en_US.ftl"): Not found
  2020-06-18-main--DEBUG-freemarker.cache:TemplateLoader.findTemplateSource("Extent_en.ftl"): Not found
  2020-06-18-main--DEBUG-freemarker.cache:TemplateLoader.findTemplateSource("Extent.ftl"): Found
  2020-06-18-main--DEBUG-freemarker.cache:Loading template for "Extent.ftl"("en_US", UTF-8, parsed) from "jar:file:/C:/Users/pmuniraju/.m2/repository/com/relevantcodes/extentreports/2.41.1/extentreports-2.41.1.jar!/com/relevantcodes/extentreports/view/Extent.ftl"
  2020-06-18-main--DEBUG-freemarker.cache:Couldn't find template in cache for "Extent.ftl"("en_US", UTF-8, parsed); will try to load it.
  2020-06-18-main--DEBUG-freemarker.cache:TemplateLoader.findTemplateSource("Extent_en_US.ftl"): Not found
  2020-06-18-main--DEBUG-freemarker.cache:TemplateLoader.findTemplateSource("Extent_en.ftl"): Not found
  2020-06-18-main--DEBUG-freemarker.cache:TemplateLoader.findTemplateSource("Extent.ftl"): Found
  2020-06-18-main--DEBUG-freemarker.cache:Loading template for "Extent.ftl"("en_US", UTF-8, parsed) from "jar:file:/C:/Users/pmuniraju/.m2/repository/com/relevantcodes/extentreports/2.41.1/extentreports-2.41.1.jar!/com/relevantcodes/extentreports/view/Extent.ftl"
  2020-06-18-main--DEBUG-freemarker.cache:Couldn't find template in cache for "Extent.ftl"("en_US", UTF-8, parsed); will try to load it.
  2020-06-18-main--DEBUG-freemarker.cache:TemplateLoader.findTemplateSource("Extent_en_US.ftl"): Not found
  2020-06-18-main--DEBUG-freemarker.cache:TemplateLoader.findTemplateSource("Extent_en.ftl"): Not found
  2020-06-18-main--DEBUG-freemarker.cache:TemplateLoader.findTemplateSource("Extent.ftl"): Found
  2020-06-18-main--DEBUG-freemarker.cache:Loading template for "Extent.ftl"("en_US", UTF-8, parsed) from "jar:file:/C:/Users/pmuniraju/.m2/repository/com/relevantcodes/extentreports/2.41.1/extentreports-2.41.1.jar!/com/relevantcodes/extentreports/view/Extent.ftl"
  2020-06-18-main--DEBUG-freemarker.cache:Couldn't find template in cache for "Extent.ftl"("en_US", UTF-8, parsed); will try to load it.
  2020-06-18-main--DEBUG-freemarker.cache:TemplateLoader.findTemplateSource("Extent_en_US.ftl"): Not found
  2020-06-18-main--DEBUG-freemarker.cache:TemplateLoader.findTemplateSource("Extent_en.ftl"): Not found
  2020-06-18-main--DEBUG-freemarker.cache:TemplateLoader.findTemplateSource("Extent.ftl"): Found
  2020-06-18-main--DEBUG-freemarker.cache:Loading template for "Extent.ftl"("en_US", UTF-8, parsed) from "jar:file:/C:/Users/pmuniraju/.m2/repository/com/relevantcodes/extentreports/2.41.1/extentreports-2.41.1.jar!/com/relevantcodes/extentreports/view/Extent.ftl"
  2020-06-18-main--DEBUG-freemarker.cache:Couldn't find template in cache for "Extent.ftl"("en_US", UTF-8, parsed); will try to load it.
  2020-06-18-main--DEBUG-freemarker.cache:TemplateLoader.findTemplateSource("Extent_en_US.ftl"): Not found
  2020-06-18-main--DEBUG-freemarker.cache:TemplateLoader.findTemplateSource("Extent_en.ftl"): Not found
  2020-06-18-main--DEBUG-freemarker.cache:TemplateLoader.findTemplateSource("Extent.ftl"): Found
  2020-06-18-main--DEBUG-freemarker.cache:Loading template for "Extent.ftl"("en_US", UTF-8, parsed) from "jar:file:/C:/Users/pmuniraju/.m2/repository/com/relevantcodes/extentreports/2.41.1/extentreports-2.41.1.jar!/com/relevantcodes/extentreports/view/Extent.ftl"
  2020-06-18-main--DEBUG-freemarker.cache:Couldn't find template in cache for "Extent.ftl"("en_US", UTF-8, parsed); will try to load it.
  2020-06-18-main--DEBUG-freemarker.cache:TemplateLoader.findTemplateSource("Extent_en_US.ftl"): Not found
  2020-06-18-main--DEBUG-freemarker.cache:TemplateLoader.findTemplateSource("Extent_en.ftl"): Not found
  2020-06-18-main--DEBUG-freemarker.cache:TemplateLoader.findTemplateSource("Extent.ftl"): Found
  2020-06-18-main--DEBUG-freemarker.cache:Loading template for "Extent.ftl"("en_US", UTF-8, parsed) from "jar:file:/C:/Users/pmuniraju/.m2/repository/com/relevantcodes/extentreports/2.41.1/extentreports-2.41.1.jar!/com/relevantcodes/extentreports/view/Extent.ftl"
  2020-06-18-main--DEBUG-freemarker.cache:Couldn't find template in cache for "Extent.ftl"("en_US", UTF-8, parsed); will try to load it.
  2020-06-18-main--DEBUG-freemarker.cache:TemplateLoader.findTemplateSource("Extent_en_US.ftl"): Not found
  2020-06-18-main--DEBUG-freemarker.cache:TemplateLoader.findTemplateSource("Extent_en.ftl"): Not found
  2020-06-18-main--DEBUG-freemarker.cache:TemplateLoader.findTemplateSource("Extent.ftl"): Found
  2020-06-18-main--DEBUG-freemarker.cache:Loading template for "Extent.ftl"("en_US", UTF-8, parsed) from "jar:file:/C:/Users/pmuniraju/.m2/repository/com/relevantcodes/extentreports/2.41.1/extentreports-2.41.1.jar!/com/relevantcodes/extentreports/view/Extent.ftl"
  2020-06-18-main--DEBUG-freemarker.cache:Couldn't find template in cache for "Extent.ftl"("en_US", UTF-8, parsed); will try to load it.
  2020-06-18-main--DEBUG-freemarker.cache:TemplateLoader.findTemplateSource("Extent_en_US.ftl"): Not found
  2020-06-18-main--DEBUG-freemarker.cache:TemplateLoader.findTemplateSource("Extent_en.ftl"): Not found
  2020-06-18-main--DEBUG-freemarker.cache:TemplateLoader.findTemplateSource("Extent.ftl"): Found
  2020-06-18-main--DEBUG-freemarker.cache:Loading template for "Extent.ftl"("en_US", UTF-8, parsed) from "jar:file:/C:/Users/pmuniraju/.m2/repository/com/relevantcodes/extentreports/2.41.1/extentreports-2.41.1.jar!/com/relevantcodes/extentreports/view/Extent.ftl"
  2020-06-18-main--DEBUG-freemarker.cache:Couldn't find template in cache for "Extent.ftl"("en_US", UTF-8, parsed); will try to load it.
  2020-06-18-main--DEBUG-freemarker.cache:TemplateLoader.findTemplateSource("Extent_en_US.ftl"): Not found
  2020-06-18-main--DEBUG-freemarker.cache:TemplateLoader.findTemplateSource("Extent_en.ftl"): Not found
  2020-06-18-main--DEBUG-freemarker.cache:TemplateLoader.findTemplateSource("Extent.ftl"): Found
  2020-06-18-main--DEBUG-freemarker.cache:Loading template for "Extent.ftl"("en_US", UTF-8, parsed) from "jar:file:/C:/Users/pmuniraju/.m2/repository/com/relevantcodes/extentreports/2.41.1/extentreports-2.41.1.jar!/com/relevantcodes/extentreports/view/Extent.ftl"
  2020-06-18-Finalizer--DEBUG-org.apache.http.impl.conn.PoolingHttpClientConnectionManager:Connection manager is shutting down
  2020-06-18-Finalizer--DEBUG-org.apache.http.impl.conn.PoolingHttpClientConnectionManager:Connection manager shut down
  2020-06-18-main--DEBUG-freemarker.cache:Couldn't find template in cache for "Extent.ftl"("en_US", UTF-8, parsed); will try to load it.
  2020-06-18-main--DEBUG-freemarker.cache:TemplateLoader.findTemplateSource("Extent_en_US.ftl"): Not found
  2020-06-18-main--DEBUG-freemarker.cache:TemplateLoader.findTemplateSource("Extent_en.ftl"): Not found
  2020-06-18-main--DEBUG-freemarker.cache:TemplateLoader.findTemplateSource("Extent.ftl"): Found
  2020-06-18-main--DEBUG-freemarker.cache:Loading template for "Extent.ftl"("en_US", UTF-8, parsed) from "jar:file:/C:/Users/pmuniraju/.m2/repository/com/relevantcodes/extentreports/2.41.1/extentreports-2.41.1.jar!/com/relevantcodes/extentreports/view/Extent.ftl"
  2020-06-18-main--DEBUG-freemarker.cache:Couldn't find template in cache for "Extent.ftl"("en_US", UTF-8, parsed); will try to load it.
  2020-06-18-main--DEBUG-freemarker.cache:TemplateLoader.findTemplateSource("Extent_en_US.ftl"): Not found
  2020-06-18-main--DEBUG-freemarker.cache:TemplateLoader.findTemplateSource("Extent_en.ftl"): Not found
  2020-06-18-main--DEBUG-freemarker.cache:TemplateLoader.findTemplateSource("Extent.ftl"): Found
  2020-06-18-main--DEBUG-freemarker.cache:Loading template for "Extent.ftl"("en_US", UTF-8, parsed) from "jar:file:/C:/Users/pmuniraju/.m2/repository/com/relevantcodes/extentreports/2.41.1/extentreports-2.41.1.jar!/com/relevantcodes/extentreports/view/Extent.ftl"
  2020-06-18-main--DEBUG-freemarker.cache:Couldn't find template in cache for "Extent.ftl"("en_US", UTF-8, parsed); will try to load it.
  2020-06-18-main--DEBUG-freemarker.cache:TemplateLoader.findTemplateSource("Extent_en_US.ftl"): Not found
  2020-06-18-main--DEBUG-freemarker.cache:TemplateLoader.findTemplateSource("Extent_en.ftl"): Not found
  2020-06-18-main--DEBUG-freemarker.cache:TemplateLoader.findTemplateSource("Extent.ftl"): Found
  2020-06-18-main--DEBUG-freemarker.cache:Loading template for "Extent.ftl"("en_US", UTF-8, parsed) from "jar:file:/C:/Users/pmuniraju/.m2/repository/com/relevantcodes/extentreports/2.41.1/extentreports-2.41.1.jar!/com/relevantcodes/extentreports/view/Extent.ftl"
  2020-06-18-main--DEBUG-freemarker.cache:Couldn't find template in cache for "Extent.ftl"("en_US", UTF-8, parsed); will try to load it.
  2020-06-18-main--DEBUG-freemarker.cache:TemplateLoader.findTemplateSource("Extent_en_US.ftl"): Not found
  2020-06-18-main--DEBUG-freemarker.cache:TemplateLoader.findTemplateSource("Extent_en.ftl"): Not found
  2020-06-18-main--DEBUG-freemarker.cache:TemplateLoader.findTemplateSource("Extent.ftl"): Found
  2020-06-18-main--DEBUG-freemarker.cache:Loading template for "Extent.ftl"("en_US", UTF-8, parsed) from "jar:file:/C:/Users/pmuniraju/.m2/repository/com/relevantcodes/extentreports/2.41.1/extentreports-2.41.1.jar!/com/relevantcodes/extentreports/view/Extent.ftl"
  2020-06-18-main--DEBUG-freemarker.cache:Couldn't find template in cache for "Extent.ftl"("en_US", UTF-8, parsed); will try to load it.
  2020-06-18-main--DEBUG-freemarker.cache:TemplateLoader.findTemplateSource("Extent_en_US.ftl"): Not found
  2020-06-18-main--DEBUG-freemarker.cache:TemplateLoader.findTemplateSource("Extent_en.ftl"): Not found
  2020-06-18-main--DEBUG-freemarker.cache:TemplateLoader.findTemplateSource("Extent.ftl"): Found
  2020-06-18-main--DEBUG-freemarker.cache:Loading template for "Extent.ftl"("en_US", UTF-8, parsed) from "jar:file:/C:/Users/pmuniraju/.m2/repository/com/relevantcodes/extentreports/2.41.1/extentreports-2.41.1.jar!/com/relevantcodes/extentreports/view/Extent.ftl"
  2020-06-18-Finalizer--DEBUG-org.apache.http.impl.conn.PoolingHttpClientConnectionManager:Connection manager is shutting down
  2020-06-18-Finalizer--DEBUG-org.apache.http.impl.conn.PoolingHttpClientConnectionManager:Connection manager shut down
  2020-06-18-main--DEBUG-freemarker.cache:Couldn't find template in cache for "Extent.ftl"("en_US", UTF-8, parsed); will try to load it.
  2020-06-18-main--DEBUG-freemarker.cache:TemplateLoader.findTemplateSource("Extent_en_US.ftl"): Not found
  2020-06-18-main--DEBUG-freemarker.cache:TemplateLoader.findTemplateSource("Extent_en.ftl"): Not found
  2020-06-18-main--DEBUG-freemarker.cache:TemplateLoader.findTemplateSource("Extent.ftl"): Found
  2020-06-18-main--DEBUG-freemarker.cache:Loading template for "Extent.ftl"("en_US", UTF-8, parsed) from "jar:file:/C:/Users/pmuniraju/.m2/repository/com/relevantcodes/extentreports/2.41.1/extentreports-2.41.1.jar!/com/relevantcodes/extentreports/view/Extent.ftl"
  2020-06-18-main--DEBUG-freemarker.cache:Couldn't find template in cache for "Extent.ftl"("en_US", UTF-8, parsed); will try to load it.
  2020-06-18-main--DEBUG-freemarker.cache:TemplateLoader.findTemplateSource("Extent_en_US.ftl"): Not found
  2020-06-18-main--DEBUG-freemarker.cache:TemplateLoader.findTemplateSource("Extent_en.ftl"): Not found
  2020-06-18-main--DEBUG-freemarker.cache:TemplateLoader.findTemplateSource("Extent.ftl"): Found
  2020-06-18-main--DEBUG-freemarker.cache:Loading template for "Extent.ftl"("en_US", UTF-8, parsed) from "jar:file:/C:/Users/pmuniraju/.m2/repository/com/relevantcodes/extentreports/2.41.1/extentreports-2.41.1.jar!/com/relevantcodes/extentreports/view/Extent.ftl"
  2020-06-18-main--DEBUG-freemarker.cache:Couldn't find template in cache for "Extent.ftl"("en_US", UTF-8, parsed); will try to load it.
  2020-06-18-main--DEBUG-freemarker.cache:TemplateLoader.findTemplateSource("Extent_en_US.ftl"): Not found
  2020-06-18-main--DEBUG-freemarker.cache:TemplateLoader.findTemplateSource("Extent_en.ftl"): Not found
  2020-06-18-main--DEBUG-freemarker.cache:TemplateLoader.findTemplateSource("Extent.ftl"): Found
  2020-06-18-main--DEBUG-freemarker.cache:Loading template for "Extent.ftl"("en_US", UTF-8, parsed) from "jar:file:/C:/Users/pmuniraju/.m2/repository/com/relevantcodes/extentreports/2.41.1/extentreports-2.41.1.jar!/com/relevantcodes/extentreports/view/Extent.ftl"
  2020-06-18-main--DEBUG-freemarker.cache:Couldn't find template in cache for "Extent.ftl"("en_US", UTF-8, parsed); will try to load it.
  2020-06-18-main--DEBUG-freemarker.cache:TemplateLoader.findTemplateSource("Extent_en_US.ftl"): Not found
  2020-06-18-main--DEBUG-freemarker.cache:TemplateLoader.findTemplateSource("Extent_en.ftl"): Not found
  2020-06-18-main--DEBUG-freemarker.cache:TemplateLoader.findTemplateSource("Extent.ftl"): Found
  2020-06-18-main--DEBUG-freemarker.cache:Loading template for "Extent.ftl"("en_US", UTF-8, parsed) from "jar:file:/C:/Users/pmuniraju/.m2/repository/com/relevantcodes/extentreports/2.41.1/extentreports-2.41.1.jar!/com/relevantcodes/extentreports/view/Extent.ftl"
  2020-06-18-main--DEBUG-freemarker.cache:Couldn't find template in cache for "Extent.ftl"("en_US", UTF-8, parsed); will try to load it.
  2020-06-18-main--DEBUG-freemarker.cache:TemplateLoader.findTemplateSource("Extent_en_US.ftl"): Not found
  2020-06-18-main--DEBUG-freemarker.cache:TemplateLoader.findTemplateSource("Extent_en.ftl"): Not found
  2020-06-18-main--DEBUG-freemarker.cache:TemplateLoader.findTemplateSource("Extent.ftl"): Found
  2020-06-18-main--DEBUG-freemarker.cache:Loading template for "Extent.ftl"("en_US", UTF-8, parsed) from "jar:file:/C:/Users/pmuniraju/.m2/repository/com/relevantcodes/extentreports/2.41.1/extentreports-2.41.1.jar!/com/relevantcodes/extentreports/view/Extent.ftl"
  2020-06-18-main--DEBUG-freemarker.cache:Couldn't find template in cache for "Extent.ftl"("en_US", UTF-8, parsed); will try to load it.
  2020-06-18-main--DEBUG-freemarker.cache:TemplateLoader.findTemplateSource("Extent_en_US.ftl"): Not found
  2020-06-18-main--DEBUG-freemarker.cache:TemplateLoader.findTemplateSource("Extent_en.ftl"): Not found
  2020-06-18-main--DEBUG-freemarker.cache:TemplateLoader.findTemplateSource("Extent.ftl"): Found
  2020-06-18-main--DEBUG-freemarker.cache:Loading template for "Extent.ftl"("en_US", UTF-8, parsed) from "jar:file:/C:/Users/pmuniraju/.m2/repository/com/relevantcodes/extentreports/2.41.1/extentreports-2.41.1.jar!/com/relevantcodes/extentreports/view/Extent.ftl"
  2020-06-18-main--DEBUG-freemarker.cache:Couldn't find template in cache for "Extent.ftl"("en_US", UTF-8, parsed); will try to load it.
  2020-06-18-main--DEBUG-freemarker.cache:TemplateLoader.findTemplateSource("Extent_en_US.ftl"): Not found
  2020-06-18-main--DEBUG-freemarker.cache:TemplateLoader.findTemplateSource("Extent_en.ftl"): Not found
  2020-06-18-main--DEBUG-freemarker.cache:TemplateLoader.findTemplateSource("Extent.ftl"): Found
  2020-06-18-main--DEBUG-freemarker.cache:Loading template for "Extent.ftl"("en_US", UTF-8, parsed) from "jar:file:/C:/Users/pmuniraju/.m2/repository/com/relevantcodes/extentreports/2.41.1/extentreports-2.41.1.jar!/com/relevantcodes/extentreports/view/Extent.ftl"
  2020-06-18-main--DEBUG-freemarker.cache:Couldn't find template in cache for "Extent.ftl"("en_US", UTF-8, parsed); will try to load it.
  2020-06-18-main--DEBUG-freemarker.cache:TemplateLoader.findTemplateSource("Extent_en_US.ftl"): Not found
  2020-06-18-main--DEBUG-freemarker.cache:TemplateLoader.findTemplateSource("Extent_en.ftl"): Not found
  2020-06-18-main--DEBUG-freemarker.cache:TemplateLoader.findTemplateSource("Extent.ftl"): Found
  2020-06-18-main--DEBUG-freemarker.cache:Loading template for "Extent.ftl"("en_US", UTF-8, parsed) from "jar:file:/C:/Users/pmuniraju/.m2/repository/com/relevantcodes/extentreports/2.41.1/extentreports-2.41.1.jar!/com/relevantcodes/extentreports/view/Extent.ftl"
  2020-06-18-main--DEBUG-freemarker.cache:Couldn't find template in cache for "Extent.ftl"("en_US", UTF-8, parsed); will try to load it.
  2020-06-18-main--DEBUG-freemarker.cache:TemplateLoader.findTemplateSource("Extent_en_US.ftl"): Not found
  2020-06-18-main--DEBUG-freemarker.cache:TemplateLoader.findTemplateSource("Extent_en.ftl"): Not found
  2020-06-18-main--DEBUG-freemarker.cache:TemplateLoader.findTemplateSource("Extent.ftl"): Found
  2020-06-18-main--DEBUG-freemarker.cache:Loading template for "Extent.ftl"("en_US", UTF-8, parsed) from "jar:file:/C:/Users/pmuniraju/.m2/repository/com/relevantcodes/extentreports/2.41.1/extentreports-2.41.1.jar!/com/relevantcodes/extentreports/view/Extent.ftl"
  2020-06-18-main--DEBUG-freemarker.cache:Couldn't find template in cache for "Extent.ftl"("en_US", UTF-8, parsed); will try to load it.
  2020-06-18-main--DEBUG-freemarker.cache:TemplateLoader.findTemplateSource("Extent_en_US.ftl"): Not found
  2020-06-18-main--DEBUG-freemarker.cache:TemplateLoader.findTemplateSource("Extent_en.ftl"): Not found
  2020-06-18-main--DEBUG-freemarker.cache:TemplateLoader.findTemplateSource("Extent.ftl"): Found
  2020-06-18-main--DEBUG-freemarker.cache:Loading template for "Extent.ftl"("en_US", UTF-8, parsed) from "jar:file:/C:/Users/pmuniraju/.m2/repository/com/relevantcodes/extentreports/2.41.1/extentreports-2.41.1.jar!/com/relevantcodes/extentreports/view/Extent.ftl"
  2020-06-18-main--DEBUG-freemarker.cache:Couldn't find template in cache for "Extent.ftl"("en_US", UTF-8, parsed); will try to load it.
  2020-06-18-main--DEBUG-freemarker.cache:TemplateLoader.findTemplateSource("Extent_en_US.ftl"): Not found
  2020-06-18-main--DEBUG-freemarker.cache:TemplateLoader.findTemplateSource("Extent_en.ftl"): Not found
  2020-06-18-main--DEBUG-freemarker.cache:TemplateLoader.findTemplateSource("Extent.ftl"): Found
  2020-06-18-main--DEBUG-freemarker.cache:Loading template for "Extent.ftl"("en_US", UTF-8, parsed) from "jar:file:/C:/Users/pmuniraju/.m2/repository/com/relevantcodes/extentreports/2.41.1/extentreports-2.41.1.jar!/com/relevantcodes/extentreports/view/Extent.ftl"
  2020-06-18-Finalizer--DEBUG-org.apache.http.impl.conn.PoolingHttpClientConnectionManager:Connection manager is shutting down
  2020-06-18-Finalizer--DEBUG-org.apache.http.impl.conn.PoolingHttpClientConnectionManager:Connection manager shut down
  2020-06-18-Finalizer--DEBUG-org.apache.http.impl.conn.PoolingHttpClientConnectionManager:Connection manager is shutting down
  2020-06-18-Finalizer--DEBUG-org.apache.http.impl.conn.PoolingHttpClientConnectionManager:Connection manager shut down
  2020-06-18-main--DEBUG-freemarker.cache:Couldn't find template in cache for "Extent.ftl"("en_US", UTF-8, parsed); will try to load it.
  2020-06-18-main--DEBUG-freemarker.cache:TemplateLoader.findTemplateSource("Extent_en_US.ftl"): Not found
  2020-06-18-main--DEBUG-freemarker.cache:TemplateLoader.findTemplateSource("Extent_en.ftl"): Not found
  2020-06-18-main--DEBUG-freemarker.cache:TemplateLoader.findTemplateSource("Extent.ftl"): Found
  2020-06-18-main--DEBUG-freemarker.cache:Loading template for "Extent.ftl"("en_US", UTF-8, parsed) from "jar:file:/C:/Users/pmuniraju/.m2/repository/com/relevantcodes/extentreports/2.41.1/extentreports-2.41.1.jar!/com/relevantcodes/extentreports/view/Extent.ftl"
  